<?xml version="1.0" encoding="UTF-8"?>
<!-- Generated by org.testng.reporters.JUnitReportReporter -->
<testsuite hostname="DESKTOP-LJ5U1MF" failures="0" tests="2" name="com.CommonRequirement.AdminMethod" time="21.943" errors="0" timestamp="2024-04-10T12:17:46 NPT" skipped="0">
  <testcase classname="com.CommonRequirement.AdminMethod" name="adminLoginTest" time="6.622"/>
  <testcase classname="com.CommonRequirement.AdminMethod" name="adminUserTest" time="15.321"/>
</testsuite> <!-- com.CommonRequirement.AdminMethod -->
